running develop
Removing /ros2_ws/install/my_robot_controller/lib/python3.10/site-packages/my-robot-controller.egg-link (link to .)
running egg_info
writing ../../build/my_robot_controller/my_robot_controller.egg-info/PKG-INFO
writing dependency_links to ../../build/my_robot_controller/my_robot_controller.egg-info/dependency_links.txt
writing entry points to ../../build/my_robot_controller/my_robot_controller.egg-info/entry_points.txt
writing requirements to ../../build/my_robot_controller/my_robot_controller.egg-info/requires.txt
writing top-level names to ../../build/my_robot_controller/my_robot_controller.egg-info/top_level.txt
reading manifest file '../../build/my_robot_controller/my_robot_controller.egg-info/SOURCES.txt'
writing manifest file '../../build/my_robot_controller/my_robot_controller.egg-info/SOURCES.txt'
running build
running build_py
copying my_robot_controller/turtle_controller.py -> /ros2_ws/build/my_robot_controller/build/lib/my_robot_controller
running install
running install_lib
creating /ros2_ws/install/my_robot_controller/lib/python3.10/site-packages/my_robot_controller
copying /ros2_ws/build/my_robot_controller/build/lib/my_robot_controller/my_first_node.py -> /ros2_ws/install/my_robot_controller/lib/python3.10/site-packages/my_robot_controller
copying /ros2_ws/build/my_robot_controller/build/lib/my_robot_controller/turtle_controller.py -> /ros2_ws/install/my_robot_controller/lib/python3.10/site-packages/my_robot_controller
copying /ros2_ws/build/my_robot_controller/build/lib/my_robot_controller/draw_circle.py -> /ros2_ws/install/my_robot_controller/lib/python3.10/site-packages/my_robot_controller
copying /ros2_ws/build/my_robot_controller/build/lib/my_robot_controller/__init__.py -> /ros2_ws/install/my_robot_controller/lib/python3.10/site-packages/my_robot_controller
copying /ros2_ws/build/my_robot_controller/build/lib/my_robot_controller/pose_subscriber.py -> /ros2_ws/install/my_robot_controller/lib/python3.10/site-packages/my_robot_controller
byte-compiling /ros2_ws/install/my_robot_controller/lib/python3.10/site-packages/my_robot_controller/my_first_node.py to my_first_node.cpython-310.pyc
byte-compiling /ros2_ws/install/my_robot_controller/lib/python3.10/site-packages/my_robot_controller/turtle_controller.py to turtle_controller.cpython-310.pyc
byte-compiling /ros2_ws/install/my_robot_controller/lib/python3.10/site-packages/my_robot_controller/draw_circle.py to draw_circle.cpython-310.pyc
byte-compiling /ros2_ws/install/my_robot_controller/lib/python3.10/site-packages/my_robot_controller/__init__.py to __init__.cpython-310.pyc
byte-compiling /ros2_ws/install/my_robot_controller/lib/python3.10/site-packages/my_robot_controller/pose_subscriber.py to pose_subscriber.cpython-310.pyc
running install_data
copying resource/my_robot_controller -> /ros2_ws/install/my_robot_controller/share/ament_index/resource_index/packages
copying package.xml -> /ros2_ws/install/my_robot_controller/share/my_robot_controller
running install_egg_info
Copying ../../build/my_robot_controller/my_robot_controller.egg-info to /ros2_ws/install/my_robot_controller/lib/python3.10/site-packages/my_robot_controller-0.0.0-py3.10.egg-info
running install_scripts
Installing draw_circle_node script to /ros2_ws/install/my_robot_controller/lib/my_robot_controller
Installing pose_subscriber_node script to /ros2_ws/install/my_robot_controller/lib/my_robot_controller
Installing test_node script to /ros2_ws/install/my_robot_controller/lib/my_robot_controller
Installing turtle_controller script to /ros2_ws/install/my_robot_controller/lib/my_robot_controller
writing list of installed files to '/ros2_ws/build/my_robot_controller/install.log'
