[0.427s] Invoking command in '/ros2_ws/build/my_robot_controller': PYTHONPATH=/ros2_ws/build/my_robot_controller/prefix_override:/ros2_ws/install/my_robot_controller/lib/python3.10/site-packages:${PYTHONPATH} /usr/bin/python3 -W ignore:setup.py install is deprecated setup.py develop --uninstall --editable --build-directory /ros2_ws/build/my_robot_controller/build
[0.604s] running develop
[0.604s] /usr/lib/python3/dist-packages/setuptools/command/easy_install.py:158: EasyInstallDeprecationWarning: easy_install command is deprecated. Use build and pip and other standards-based tools.
[0.604s]   warnings.warn(
[0.706s] Removing /ros2_ws/install/my_robot_controller/lib/python3.10/site-packages/my-robot-controller.egg-link (link to .)
[0.730s] Invoked command in '/ros2_ws/build/my_robot_controller' returned '0': PYTHONPATH=/ros2_ws/build/my_robot_controller/prefix_override:/ros2_ws/install/my_robot_controller/lib/python3.10/site-packages:${PYTHONPATH} /usr/bin/python3 -W ignore:setup.py install is deprecated setup.py develop --uninstall --editable --build-directory /ros2_ws/build/my_robot_controller/build
[0.732s] Invoking command in '/ros2_ws/src/my_robot_controller': PYTHONPATH=/ros2_ws/build/my_robot_controller/prefix_override:/ros2_ws/install/my_robot_controller/lib/python3.10/site-packages:${PYTHONPATH} /usr/bin/python3 -W ignore:setup.py install is deprecated setup.py egg_info --egg-base ../../build/my_robot_controller build --build-base /ros2_ws/build/my_robot_controller/build install --record /ros2_ws/build/my_robot_controller/install.log --single-version-externally-managed install_data --force
[0.895s] running egg_info
[0.895s] writing ../../build/my_robot_controller/my_robot_controller.egg-info/PKG-INFO
[0.896s] writing dependency_links to ../../build/my_robot_controller/my_robot_controller.egg-info/dependency_links.txt
[0.896s] writing entry points to ../../build/my_robot_controller/my_robot_controller.egg-info/entry_points.txt
[0.896s] writing requirements to ../../build/my_robot_controller/my_robot_controller.egg-info/requires.txt
[0.896s] writing top-level names to ../../build/my_robot_controller/my_robot_controller.egg-info/top_level.txt
[0.897s] reading manifest file '../../build/my_robot_controller/my_robot_controller.egg-info/SOURCES.txt'
[0.898s] writing manifest file '../../build/my_robot_controller/my_robot_controller.egg-info/SOURCES.txt'
[0.898s] running build
[0.898s] running build_py
[0.898s] running install
[0.898s] running install_lib
[0.899s] creating /ros2_ws/install/my_robot_controller/lib/python3.10/site-packages/my_robot_controller
[0.899s] copying /ros2_ws/build/my_robot_controller/build/lib/my_robot_controller/my_first_node.py -> /ros2_ws/install/my_robot_controller/lib/python3.10/site-packages/my_robot_controller
[0.899s] copying /ros2_ws/build/my_robot_controller/build/lib/my_robot_controller/turtle_controller.py -> /ros2_ws/install/my_robot_controller/lib/python3.10/site-packages/my_robot_controller
[0.899s] copying /ros2_ws/build/my_robot_controller/build/lib/my_robot_controller/draw_circle.py -> /ros2_ws/install/my_robot_controller/lib/python3.10/site-packages/my_robot_controller
[0.899s] copying /ros2_ws/build/my_robot_controller/build/lib/my_robot_controller/__init__.py -> /ros2_ws/install/my_robot_controller/lib/python3.10/site-packages/my_robot_controller
[0.899s] copying /ros2_ws/build/my_robot_controller/build/lib/my_robot_controller/pose_subscriber.py -> /ros2_ws/install/my_robot_controller/lib/python3.10/site-packages/my_robot_controller
[0.899s] byte-compiling /ros2_ws/install/my_robot_controller/lib/python3.10/site-packages/my_robot_controller/my_first_node.py to my_first_node.cpython-310.pyc
[0.900s] byte-compiling /ros2_ws/install/my_robot_controller/lib/python3.10/site-packages/my_robot_controller/turtle_controller.py to turtle_controller.cpython-310.pyc
[0.900s] byte-compiling /ros2_ws/install/my_robot_controller/lib/python3.10/site-packages/my_robot_controller/draw_circle.py to draw_circle.cpython-310.pyc
[0.900s] byte-compiling /ros2_ws/install/my_robot_controller/lib/python3.10/site-packages/my_robot_controller/__init__.py to __init__.cpython-310.pyc
[0.900s] byte-compiling /ros2_ws/install/my_robot_controller/lib/python3.10/site-packages/my_robot_controller/pose_subscriber.py to pose_subscriber.cpython-310.pyc
[0.901s] running install_data
[0.901s] copying resource/my_robot_controller -> /ros2_ws/install/my_robot_controller/share/ament_index/resource_index/packages
[0.901s] copying package.xml -> /ros2_ws/install/my_robot_controller/share/my_robot_controller
[0.901s] running install_egg_info
[0.902s] Copying ../../build/my_robot_controller/my_robot_controller.egg-info to /ros2_ws/install/my_robot_controller/lib/python3.10/site-packages/my_robot_controller-0.0.0-py3.10.egg-info
[0.903s] running install_scripts
[0.918s] Installing draw_circle_node script to /ros2_ws/install/my_robot_controller/lib/my_robot_controller
[0.919s] Installing pose_subscriber_node script to /ros2_ws/install/my_robot_controller/lib/my_robot_controller
[0.919s] Installing test_node script to /ros2_ws/install/my_robot_controller/lib/my_robot_controller
[0.919s] Installing turtle_controller script to /ros2_ws/install/my_robot_controller/lib/my_robot_controller
[0.919s] writing list of installed files to '/ros2_ws/build/my_robot_controller/install.log'
[0.934s] Invoked command in '/ros2_ws/src/my_robot_controller' returned '0': PYTHONPATH=/ros2_ws/build/my_robot_controller/prefix_override:/ros2_ws/install/my_robot_controller/lib/python3.10/site-packages:${PYTHONPATH} /usr/bin/python3 -W ignore:setup.py install is deprecated setup.py egg_info --egg-base ../../build/my_robot_controller build --build-base /ros2_ws/build/my_robot_controller/build install --record /ros2_ws/build/my_robot_controller/install.log --single-version-externally-managed install_data --force
