[0.437s] Invoking command in '/ros2_ws/src/my_robot_controller': PYTHONPATH=/ros2_ws/build/my_robot_controller/prefix_override:/ros2_ws/install/my_robot_controller/lib/python3.10/site-packages:${PYTHONPATH} /usr/bin/python3 -W ignore:setup.py install is deprecated setup.py egg_info --egg-base ../../build/my_robot_controller build --build-base /ros2_ws/build/my_robot_controller/build install --record /ros2_ws/build/my_robot_controller/install.log --single-version-externally-managed install_data
[0.602s] running egg_info
[0.602s] writing ../../build/my_robot_controller/my_robot_controller.egg-info/PKG-INFO
[0.602s] writing dependency_links to ../../build/my_robot_controller/my_robot_controller.egg-info/dependency_links.txt
[0.603s] writing entry points to ../../build/my_robot_controller/my_robot_controller.egg-info/entry_points.txt
[0.603s] writing requirements to ../../build/my_robot_controller/my_robot_controller.egg-info/requires.txt
[0.603s] writing top-level names to ../../build/my_robot_controller/my_robot_controller.egg-info/top_level.txt
[0.604s] reading manifest file '../../build/my_robot_controller/my_robot_controller.egg-info/SOURCES.txt'
[0.605s] writing manifest file '../../build/my_robot_controller/my_robot_controller.egg-info/SOURCES.txt'
[0.605s] running build
[0.605s] running build_py
[0.605s] copying my_robot_controller/my_first_node.py -> /ros2_ws/build/my_robot_controller/build/lib/my_robot_controller
[0.605s] running install
[0.605s] running install_lib
[0.606s] copying /ros2_ws/build/my_robot_controller/build/lib/my_robot_controller/my_first_node.py -> /ros2_ws/install/my_robot_controller/lib/python3.10/site-packages/my_robot_controller
[0.606s] byte-compiling /ros2_ws/install/my_robot_controller/lib/python3.10/site-packages/my_robot_controller/my_first_node.py to my_first_node.cpython-310.pyc
[0.607s] running install_data
[0.607s] running install_egg_info
[0.608s] removing '/ros2_ws/install/my_robot_controller/lib/python3.10/site-packages/my_robot_controller-0.0.0-py3.10.egg-info' (and everything under it)
[0.608s] Copying ../../build/my_robot_controller/my_robot_controller.egg-info to /ros2_ws/install/my_robot_controller/lib/python3.10/site-packages/my_robot_controller-0.0.0-py3.10.egg-info
[0.609s] running install_scripts
[0.625s] Installing test_node script to /ros2_ws/install/my_robot_controller/lib/my_robot_controller
[0.625s] writing list of installed files to '/ros2_ws/build/my_robot_controller/install.log'
[0.641s] Invoked command in '/ros2_ws/src/my_robot_controller' returned '0': PYTHONPATH=/ros2_ws/build/my_robot_controller/prefix_override:/ros2_ws/install/my_robot_controller/lib/python3.10/site-packages:${PYTHONPATH} /usr/bin/python3 -W ignore:setup.py install is deprecated setup.py egg_info --egg-base ../../build/my_robot_controller build --build-base /ros2_ws/build/my_robot_controller/build install --record /ros2_ws/build/my_robot_controller/install.log --single-version-externally-managed install_data
