[0.425s] Invoking command in '/ros2_ws/build/my_robot_controller': PYTHONPATH=/ros2_ws/build/my_robot_controller/prefix_override:/ros2_ws/install/my_robot_controller/lib/python3.10/site-packages:${PYTHONPATH} /usr/bin/python3 -W ignore:setup.py install is deprecated setup.py develop --editable --build-directory /ros2_ws/build/my_robot_controller/build --no-deps symlink_data --force
[0.611s] running develop
[0.612s] /usr/lib/python3/dist-packages/setuptools/command/easy_install.py:158: EasyInstallDeprecationWarning: easy_install command is deprecated. Use build and pip and other standards-based tools.
[0.612s]   warnings.warn(
[0.713s] running egg_info
[0.713s] writing my_robot_controller.egg-info/PKG-INFO
[0.713s] writing dependency_links to my_robot_controller.egg-info/dependency_links.txt
[0.714s] writing entry points to my_robot_controller.egg-info/entry_points.txt
[0.714s] writing requirements to my_robot_controller.egg-info/requires.txt
[0.714s] writing top-level names to my_robot_controller.egg-info/top_level.txt
[0.715s] reading manifest file 'my_robot_controller.egg-info/SOURCES.txt'
[0.716s] writing manifest file 'my_robot_controller.egg-info/SOURCES.txt'
[0.720s] running build_ext
[0.720s] Creating /ros2_ws/install/my_robot_controller/lib/python3.10/site-packages/my-robot-controller.egg-link (link to .)
[0.720s] Installing draw_circle_node script to /ros2_ws/install/my_robot_controller/lib/my_robot_controller
[0.720s] Installing pose_subscriber_node script to /ros2_ws/install/my_robot_controller/lib/my_robot_controller
[0.721s] Installing test_node script to /ros2_ws/install/my_robot_controller/lib/my_robot_controller
[0.721s] Installing turtle_controller script to /ros2_ws/install/my_robot_controller/lib/my_robot_controller
[0.721s] 
[0.721s] Installed /ros2_ws/build/my_robot_controller
[0.721s] running symlink_data
[0.721s] symbolically linking /ros2_ws/build/my_robot_controller/resource/my_robot_controller -> /ros2_ws/install/my_robot_controller/share/ament_index/resource_index/packages
[0.721s] symbolically linking /ros2_ws/build/my_robot_controller/package.xml -> /ros2_ws/install/my_robot_controller/share/my_robot_controller
[0.742s] Invoked command in '/ros2_ws/build/my_robot_controller' returned '0': PYTHONPATH=/ros2_ws/build/my_robot_controller/prefix_override:/ros2_ws/install/my_robot_controller/lib/python3.10/site-packages:${PYTHONPATH} /usr/bin/python3 -W ignore:setup.py install is deprecated setup.py develop --editable --build-directory /ros2_ws/build/my_robot_controller/build --no-deps symlink_data --force
