[0.427s] Invoking command in '/ros2_ws/src/my_robot_controller': PYTHONPATH=/ros2_ws/build/my_robot_controller/prefix_override:/ros2_ws/install/my_robot_controller/lib/python3.10/site-packages:${PYTHONPATH} /usr/bin/python3 -W ignore:setup.py install is deprecated setup.py egg_info --egg-base ../../build/my_robot_controller build --build-base /ros2_ws/build/my_robot_controller/build install --record /ros2_ws/build/my_robot_controller/install.log --single-version-externally-managed install_data
[0.594s] running egg_info
[0.595s] writing ../../build/my_robot_controller/my_robot_controller.egg-info/PKG-INFO
[0.595s] writing dependency_links to ../../build/my_robot_controller/my_robot_controller.egg-info/dependency_links.txt
[0.595s] writing entry points to ../../build/my_robot_controller/my_robot_controller.egg-info/entry_points.txt
[0.595s] writing requirements to ../../build/my_robot_controller/my_robot_controller.egg-info/requires.txt
[0.595s] writing top-level names to ../../build/my_robot_controller/my_robot_controller.egg-info/top_level.txt
[0.596s] reading manifest file '../../build/my_robot_controller/my_robot_controller.egg-info/SOURCES.txt'
[0.597s] writing manifest file '../../build/my_robot_controller/my_robot_controller.egg-info/SOURCES.txt'
[0.597s] running build
[0.597s] running build_py
[0.598s] copying my_robot_controller/draw_circle.py -> /ros2_ws/build/my_robot_controller/build/lib/my_robot_controller
[0.598s] running install
[0.598s] running install_lib
[0.598s] copying /ros2_ws/build/my_robot_controller/build/lib/my_robot_controller/draw_circle.py -> /ros2_ws/install/my_robot_controller/lib/python3.10/site-packages/my_robot_controller
[0.599s] byte-compiling /ros2_ws/install/my_robot_controller/lib/python3.10/site-packages/my_robot_controller/draw_circle.py to draw_circle.cpython-310.pyc
[0.599s] running install_data
[0.599s] copying package.xml -> /ros2_ws/install/my_robot_controller/share/my_robot_controller
[0.599s] running install_egg_info
[0.601s] removing '/ros2_ws/install/my_robot_controller/lib/python3.10/site-packages/my_robot_controller-0.0.0-py3.10.egg-info' (and everything under it)
[0.601s] Copying ../../build/my_robot_controller/my_robot_controller.egg-info to /ros2_ws/install/my_robot_controller/lib/python3.10/site-packages/my_robot_controller-0.0.0-py3.10.egg-info
[0.601s] running install_scripts
[0.617s] Installing draw_circle_node script to /ros2_ws/install/my_robot_controller/lib/my_robot_controller
[0.617s] Installing test_node script to /ros2_ws/install/my_robot_controller/lib/my_robot_controller
[0.618s] writing list of installed files to '/ros2_ws/build/my_robot_controller/install.log'
[0.637s] Invoked command in '/ros2_ws/src/my_robot_controller' returned '0': PYTHONPATH=/ros2_ws/build/my_robot_controller/prefix_override:/ros2_ws/install/my_robot_controller/lib/python3.10/site-packages:${PYTHONPATH} /usr/bin/python3 -W ignore:setup.py install is deprecated setup.py egg_info --egg-base ../../build/my_robot_controller build --build-base /ros2_ws/build/my_robot_controller/build install --record /ros2_ws/build/my_robot_controller/install.log --single-version-externally-managed install_data
