[0.427s] Invoking command in '/ros2_ws/src/my_robot_controller': PYTHONPATH=/ros2_ws/build/my_robot_controller/prefix_override:/ros2_ws/install/my_robot_controller/lib/python3.10/site-packages:${PYTHONPATH} /usr/bin/python3 -W ignore:setup.py install is deprecated setup.py egg_info --egg-base ../../build/my_robot_controller build --build-base /ros2_ws/build/my_robot_controller/build install --record /ros2_ws/build/my_robot_controller/install.log --single-version-externally-managed install_data
[0.597s] running egg_info
[0.597s] writing ../../build/my_robot_controller/my_robot_controller.egg-info/PKG-INFO
[0.598s] writing dependency_links to ../../build/my_robot_controller/my_robot_controller.egg-info/dependency_links.txt
[0.598s] writing entry points to ../../build/my_robot_controller/my_robot_controller.egg-info/entry_points.txt
[0.598s] writing requirements to ../../build/my_robot_controller/my_robot_controller.egg-info/requires.txt
[0.598s] writing top-level names to ../../build/my_robot_controller/my_robot_controller.egg-info/top_level.txt
[0.599s] reading manifest file '../../build/my_robot_controller/my_robot_controller.egg-info/SOURCES.txt'
[0.600s] writing manifest file '../../build/my_robot_controller/my_robot_controller.egg-info/SOURCES.txt'
[0.600s] running build
[0.600s] running build_py
[0.600s] running install
[0.600s] running install_lib
[0.601s] running install_data
[0.601s] running install_egg_info
[0.603s] removing '/ros2_ws/install/my_robot_controller/lib/python3.10/site-packages/my_robot_controller-0.0.0-py3.10.egg-info' (and everything under it)
[0.603s] Copying ../../build/my_robot_controller/my_robot_controller.egg-info to /ros2_ws/install/my_robot_controller/lib/python3.10/site-packages/my_robot_controller-0.0.0-py3.10.egg-info
[0.604s] running install_scripts
[0.619s] Installing draw_circle_node script to /ros2_ws/install/my_robot_controller/lib/my_robot_controller
[0.620s] Installing pose_subscriber_node script to /ros2_ws/install/my_robot_controller/lib/my_robot_controller
[0.620s] Installing test_node script to /ros2_ws/install/my_robot_controller/lib/my_robot_controller
[0.620s] Installing turtle_controller script to /ros2_ws/install/my_robot_controller/lib/my_robot_controller
[0.620s] writing list of installed files to '/ros2_ws/build/my_robot_controller/install.log'
[0.636s] Invoked command in '/ros2_ws/src/my_robot_controller' returned '0': PYTHONPATH=/ros2_ws/build/my_robot_controller/prefix_override:/ros2_ws/install/my_robot_controller/lib/python3.10/site-packages:${PYTHONPATH} /usr/bin/python3 -W ignore:setup.py install is deprecated setup.py egg_info --egg-base ../../build/my_robot_controller build --build-base /ros2_ws/build/my_robot_controller/build install --record /ros2_ws/build/my_robot_controller/install.log --single-version-externally-managed install_data
