[0.000000] (-) TimerEvent: {}
[0.000669] (my_robot_controller) JobQueued: {'identifier': 'my_robot_controller', 'dependencies': OrderedDict()}
[0.000751] (my_robot_controller) JobStarted: {'identifier': 'my_robot_controller'}
[0.100043] (-) TimerEvent: {}
[0.200267] (-) TimerEvent: {}
[0.300491] (-) TimerEvent: {}
[0.400733] (-) TimerEvent: {}
[0.420192] (my_robot_controller) Command: {'cmd': ['/usr/bin/python3', '-W', 'ignore:setup.py install is deprecated', 'setup.py', 'develop', '--uninstall', '--editable', '--build-directory', '/ros2_ws/build/my_robot_controller/build'], 'cwd': '/ros2_ws/build/my_robot_controller', 'env': {'HOSTNAME': 'jclondonol-Desktop', 'GIT_ASKPASS': '/home/ros/.vscode-server/bin/dc96b837cf6bb4af9cd736aa3af08cf8279f7685/extensions/git/dist/askpass.sh', 'SHLVL': '2', 'LD_LIBRARY_PATH': '/usr/lib/x86_64-linux-gnu/gazebo-11/plugins:/opt/ros/humble/opt/rviz_ogre_vendor/lib:/opt/ros/humble/lib/x86_64-linux-gnu:/opt/ros/humble/lib', 'BROWSER': '/home/ros/.vscode-server/bin/dc96b837cf6bb4af9cd736aa3af08cf8279f7685/bin/helpers/browser.sh', 'HOME': '/home/ros', 'OLDPWD': '/ros2_ws/src/my_robot_controller', 'TERM_PROGRAM_VERSION': '1.89.1', 'VSCODE_IPC_HOOK_CLI': '/tmp/vscode-ipc-b40e2869-41f0-42e9-928f-7000d05ba482.sock', 'ROS_PYTHON_VERSION': '3', 'VSCODE_GIT_ASKPASS_MAIN': '/home/ros/.vscode-server/bin/dc96b837cf6bb4af9cd736aa3af08cf8279f7685/extensions/git/dist/askpass-main.js', 'VSCODE_GIT_ASKPASS_NODE': '/home/ros/.vscode-server/bin/dc96b837cf6bb4af9cd736aa3af08cf8279f7685/node', 'COLORTERM': 'truecolor', 'REMOTE_CONTAINERS': 'true', 'COLCON_PREFIX_PATH': '/ros2_ws/install', 'ROS_DISTRO': 'humble', 'REMOTE_CONTAINERS_IPC': '/tmp/vscode-remote-containers-ipc-5f0385fb-2778-49fb-8652-3c1bfe1dccfb.sock', '_': '/usr/bin/colcon', 'ROS_VERSION': '2', 'TERM': 'xterm-256color', 'ROS_LOCALHOST_ONLY': '0', 'QT_X11_NO_MITSHM': '1', 'PATH': '/home/ros/.vscode-server/bin/dc96b837cf6bb4af9cd736aa3af08cf8279f7685/bin/remote-cli:/opt/ros/humble/bin:/usr/local/sbin:/usr/local/bin:/usr/sbin:/usr/bin:/sbin:/bin', 'REMOTE_CONTAINERS_SOCKETS': '["/tmp/vscode-ssh-auth-5f0385fb-2778-49fb-8652-3c1bfe1dccfb.sock","/tmp/.X11-unix/X3","/home/ros/.gnupg/S.gpg-agent"]', 'DISPLAY': ':1', 'LANG': 'C.UTF-8', 'XAUTHORITY': '/tmp/.docker.xauth', 'VSCODE_GIT_IPC_HANDLE': '/tmp/vscode-git-28a7b5e8af.sock', 'TERM_PROGRAM': 'vscode', 'SSH_AUTH_SOCK': '/tmp/vscode-ssh-auth-5f0385fb-2778-49fb-8652-3c1bfe1dccfb.sock', 'AMENT_PREFIX_PATH': '/ros2_ws/install/my_robot_controller:/opt/ros/humble', 'REMOTE_CONTAINERS_DISPLAY_SOCK': '/tmp/.X11-unix/X3', 'SHELL': '/bin/bash', 'VSCODE_GIT_ASKPASS_EXTRA_ARGS': '', 'PWD': '/ros2_ws/build/my_robot_controller', 'TURTLEBOT3_MODEL': 'burger', 'LC_ALL': 'C.UTF-8', 'PYTHONPATH': '/ros2_ws/build/my_robot_controller/prefix_override:/ros2_ws/install/my_robot_controller/lib/python3.10/site-packages:/ros2_ws/build/my_robot_controller:/ros2_ws/install/my_robot_controller/lib/python3.10/site-packages:/opt/ros/humble/lib/python3.10/site-packages:/opt/ros/humble/local/lib/python3.10/dist-packages', 'COLCON': '1'}, 'shell': False}
[0.500846] (-) TimerEvent: {}
[0.601076] (-) TimerEvent: {}
[0.602242] (my_robot_controller) StdoutLine: {'line': b'running develop\n'}
[0.602469] (my_robot_controller) StderrLine: {'line': b'/usr/lib/python3/dist-packages/setuptools/command/easy_install.py:158: EasyInstallDeprecationWarning: easy_install command is deprecated. Use build and pip and other standards-based tools.\n'}
[0.602575] (my_robot_controller) StderrLine: {'line': b'  warnings.warn(\n'}
[0.701187] (-) TimerEvent: {}
[0.704851] (my_robot_controller) StdoutLine: {'line': b'Removing /ros2_ws/install/my_robot_controller/lib/python3.10/site-packages/my-robot-controller.egg-link (link to .)\n'}
[0.727146] (my_robot_controller) CommandEnded: {'returncode': 0}
[0.728550] (my_robot_controller) Command: {'cmd': ['/usr/bin/python3', '-W', 'ignore:setup.py install is deprecated', 'setup.py', 'egg_info', '--egg-base', '../../build/my_robot_controller', 'build', '--build-base', '/ros2_ws/build/my_robot_controller/build', 'install', '--record', '/ros2_ws/build/my_robot_controller/install.log', '--single-version-externally-managed', 'install_data', '--force'], 'cwd': '/ros2_ws/src/my_robot_controller', 'env': {'HOSTNAME': 'jclondonol-Desktop', 'GIT_ASKPASS': '/home/ros/.vscode-server/bin/dc96b837cf6bb4af9cd736aa3af08cf8279f7685/extensions/git/dist/askpass.sh', 'SHLVL': '2', 'LD_LIBRARY_PATH': '/usr/lib/x86_64-linux-gnu/gazebo-11/plugins:/opt/ros/humble/opt/rviz_ogre_vendor/lib:/opt/ros/humble/lib/x86_64-linux-gnu:/opt/ros/humble/lib', 'BROWSER': '/home/ros/.vscode-server/bin/dc96b837cf6bb4af9cd736aa3af08cf8279f7685/bin/helpers/browser.sh', 'HOME': '/home/ros', 'OLDPWD': '/ros2_ws/src/my_robot_controller', 'TERM_PROGRAM_VERSION': '1.89.1', 'VSCODE_IPC_HOOK_CLI': '/tmp/vscode-ipc-b40e2869-41f0-42e9-928f-7000d05ba482.sock', 'ROS_PYTHON_VERSION': '3', 'VSCODE_GIT_ASKPASS_MAIN': '/home/ros/.vscode-server/bin/dc96b837cf6bb4af9cd736aa3af08cf8279f7685/extensions/git/dist/askpass-main.js', 'VSCODE_GIT_ASKPASS_NODE': '/home/ros/.vscode-server/bin/dc96b837cf6bb4af9cd736aa3af08cf8279f7685/node', 'COLORTERM': 'truecolor', 'REMOTE_CONTAINERS': 'true', 'COLCON_PREFIX_PATH': '/ros2_ws/install', 'ROS_DISTRO': 'humble', 'REMOTE_CONTAINERS_IPC': '/tmp/vscode-remote-containers-ipc-5f0385fb-2778-49fb-8652-3c1bfe1dccfb.sock', '_': '/usr/bin/colcon', 'ROS_VERSION': '2', 'TERM': 'xterm-256color', 'ROS_LOCALHOST_ONLY': '0', 'QT_X11_NO_MITSHM': '1', 'PATH': '/home/ros/.vscode-server/bin/dc96b837cf6bb4af9cd736aa3af08cf8279f7685/bin/remote-cli:/opt/ros/humble/bin:/usr/local/sbin:/usr/local/bin:/usr/sbin:/usr/bin:/sbin:/bin', 'REMOTE_CONTAINERS_SOCKETS': '["/tmp/vscode-ssh-auth-5f0385fb-2778-49fb-8652-3c1bfe1dccfb.sock","/tmp/.X11-unix/X3","/home/ros/.gnupg/S.gpg-agent"]', 'DISPLAY': ':1', 'LANG': 'C.UTF-8', 'XAUTHORITY': '/tmp/.docker.xauth', 'VSCODE_GIT_IPC_HANDLE': '/tmp/vscode-git-28a7b5e8af.sock', 'TERM_PROGRAM': 'vscode', 'SSH_AUTH_SOCK': '/tmp/vscode-ssh-auth-5f0385fb-2778-49fb-8652-3c1bfe1dccfb.sock', 'AMENT_PREFIX_PATH': '/ros2_ws/install/my_robot_controller:/opt/ros/humble', 'REMOTE_CONTAINERS_DISPLAY_SOCK': '/tmp/.X11-unix/X3', 'SHELL': '/bin/bash', 'VSCODE_GIT_ASKPASS_EXTRA_ARGS': '', 'PWD': '/ros2_ws/build/my_robot_controller', 'TURTLEBOT3_MODEL': 'burger', 'LC_ALL': 'C.UTF-8', 'PYTHONPATH': '/ros2_ws/build/my_robot_controller/prefix_override:/ros2_ws/install/my_robot_controller/lib/python3.10/site-packages:/ros2_ws/build/my_robot_controller:/ros2_ws/install/my_robot_controller/lib/python3.10/site-packages:/opt/ros/humble/lib/python3.10/site-packages:/opt/ros/humble/local/lib/python3.10/dist-packages', 'COLCON': '1'}, 'shell': False}
[0.801297] (-) TimerEvent: {}
[0.893523] (my_robot_controller) StdoutLine: {'line': b'running egg_info\n'}
[0.893980] (my_robot_controller) StdoutLine: {'line': b'writing ../../build/my_robot_controller/my_robot_controller.egg-info/PKG-INFO\n'}
[0.894145] (my_robot_controller) StdoutLine: {'line': b'writing dependency_links to ../../build/my_robot_controller/my_robot_controller.egg-info/dependency_links.txt\n'}
[0.894291] (my_robot_controller) StdoutLine: {'line': b'writing entry points to ../../build/my_robot_controller/my_robot_controller.egg-info/entry_points.txt\n'}
[0.894396] (my_robot_controller) StdoutLine: {'line': b'writing requirements to ../../build/my_robot_controller/my_robot_controller.egg-info/requires.txt\n'}
[0.894459] (my_robot_controller) StdoutLine: {'line': b'writing top-level names to ../../build/my_robot_controller/my_robot_controller.egg-info/top_level.txt\n'}
[0.895548] (my_robot_controller) StdoutLine: {'line': b"reading manifest file '../../build/my_robot_controller/my_robot_controller.egg-info/SOURCES.txt'\n"}
[0.896308] (my_robot_controller) StdoutLine: {'line': b"writing manifest file '../../build/my_robot_controller/my_robot_controller.egg-info/SOURCES.txt'\n"}
[0.896392] (my_robot_controller) StdoutLine: {'line': b'running build\n'}
[0.896452] (my_robot_controller) StdoutLine: {'line': b'running build_py\n'}
[0.896699] (my_robot_controller) StdoutLine: {'line': b'running install\n'}
[0.896992] (my_robot_controller) StdoutLine: {'line': b'running install_lib\n'}
[0.897457] (my_robot_controller) StdoutLine: {'line': b'creating /ros2_ws/install/my_robot_controller/lib/python3.10/site-packages/my_robot_controller\n'}
[0.897733] (my_robot_controller) StdoutLine: {'line': b'copying /ros2_ws/build/my_robot_controller/build/lib/my_robot_controller/my_first_node.py -> /ros2_ws/install/my_robot_controller/lib/python3.10/site-packages/my_robot_controller\n'}
[0.897889] (my_robot_controller) StdoutLine: {'line': b'copying /ros2_ws/build/my_robot_controller/build/lib/my_robot_controller/turtle_controller.py -> /ros2_ws/install/my_robot_controller/lib/python3.10/site-packages/my_robot_controller\n'}
[0.897960] (my_robot_controller) StdoutLine: {'line': b'copying /ros2_ws/build/my_robot_controller/build/lib/my_robot_controller/draw_circle.py -> /ros2_ws/install/my_robot_controller/lib/python3.10/site-packages/my_robot_controller\n'}
[0.898019] (my_robot_controller) StdoutLine: {'line': b'copying /ros2_ws/build/my_robot_controller/build/lib/my_robot_controller/__init__.py -> /ros2_ws/install/my_robot_controller/lib/python3.10/site-packages/my_robot_controller\n'}
[0.898076] (my_robot_controller) StdoutLine: {'line': b'copying /ros2_ws/build/my_robot_controller/build/lib/my_robot_controller/pose_subscriber.py -> /ros2_ws/install/my_robot_controller/lib/python3.10/site-packages/my_robot_controller\n'}
[0.898181] (my_robot_controller) StdoutLine: {'line': b'byte-compiling /ros2_ws/install/my_robot_controller/lib/python3.10/site-packages/my_robot_controller/my_first_node.py to my_first_node.cpython-310.pyc\n'}
[0.898466] (my_robot_controller) StdoutLine: {'line': b'byte-compiling /ros2_ws/install/my_robot_controller/lib/python3.10/site-packages/my_robot_controller/turtle_controller.py to turtle_controller.cpython-310.pyc\n'}
[0.898736] (my_robot_controller) StdoutLine: {'line': b'byte-compiling /ros2_ws/install/my_robot_controller/lib/python3.10/site-packages/my_robot_controller/draw_circle.py to draw_circle.cpython-310.pyc\n'}
[0.899136] (my_robot_controller) StdoutLine: {'line': b'byte-compiling /ros2_ws/install/my_robot_controller/lib/python3.10/site-packages/my_robot_controller/__init__.py to __init__.cpython-310.pyc\n'}
[0.899278] (my_robot_controller) StdoutLine: {'line': b'byte-compiling /ros2_ws/install/my_robot_controller/lib/python3.10/site-packages/my_robot_controller/pose_subscriber.py to pose_subscriber.cpython-310.pyc\n'}
[0.899434] (my_robot_controller) StdoutLine: {'line': b'running install_data\n'}
[0.899578] (my_robot_controller) StdoutLine: {'line': b'copying resource/my_robot_controller -> /ros2_ws/install/my_robot_controller/share/ament_index/resource_index/packages\n'}
[0.899669] (my_robot_controller) StdoutLine: {'line': b'copying package.xml -> /ros2_ws/install/my_robot_controller/share/my_robot_controller\n'}
[0.899732] (my_robot_controller) StdoutLine: {'line': b'running install_egg_info\n'}
[0.900844] (my_robot_controller) StdoutLine: {'line': b'Copying ../../build/my_robot_controller/my_robot_controller.egg-info to /ros2_ws/install/my_robot_controller/lib/python3.10/site-packages/my_robot_controller-0.0.0-py3.10.egg-info\n'}
[0.901381] (-) TimerEvent: {}
[0.901522] (my_robot_controller) StdoutLine: {'line': b'running install_scripts\n'}
[0.917561] (my_robot_controller) StdoutLine: {'line': b'Installing draw_circle_node script to /ros2_ws/install/my_robot_controller/lib/my_robot_controller\n'}
[0.917793] (my_robot_controller) StdoutLine: {'line': b'Installing pose_subscriber_node script to /ros2_ws/install/my_robot_controller/lib/my_robot_controller\n'}
[0.917877] (my_robot_controller) StdoutLine: {'line': b'Installing test_node script to /ros2_ws/install/my_robot_controller/lib/my_robot_controller\n'}
[0.917962] (my_robot_controller) StdoutLine: {'line': b'Installing turtle_controller script to /ros2_ws/install/my_robot_controller/lib/my_robot_controller\n'}
[0.918139] (my_robot_controller) StdoutLine: {'line': b"writing list of installed files to '/ros2_ws/build/my_robot_controller/install.log'\n"}
[0.936442] (my_robot_controller) CommandEnded: {'returncode': 0}
[0.943981] (my_robot_controller) JobEnded: {'identifier': 'my_robot_controller', 'rc': 0}
[0.944590] (-) EventReactorShutdown: {}
